# JRE version: OpenJDK Runtime Environment (8.0_152-b02) (build 1.8.0_152-release-1024-b02)
# Java VM: OpenJDK 64-Bit Server VM (25.152-b02 mixed mode windows-amd64 compressed oops)
Heap:
 PSYoungGen      total 242176K, used 79980K [0x00000000e0000000, 0x00000000f6400000, 0x0000000100000000)
  eden space 165376K, 1% used [0x00000000e0000000,0x00000000e0321490,0x00000000ea180000)
  from space 76800K, 99% used [0x00000000efa00000,0x00000000f44f9c28,0x00000000f4500000)
  to   space 90624K, 0% used [0x00000000ea180000,0x00000000ea180000,0x00000000efa00000)
 ParOldGen       total 112128K, used 87403K [0x00000000a0000000, 0x00000000a6d80000, 0x00000000e0000000)
  object space 112128K, 77% used [0x00000000a0000000,0x00000000a555ac18,0x00000000a6d80000)
 Metaspace       used 61484K, capacity 63033K, committed 63272K, reserved 1105920K
  class space    used 7026K, capacity 7386K, committed 7472K, reserved 1048576K
GC Heap History (10 events):
Event: 5966.124 GC heap before
{Heap before GC invocations=22 (full 4):
 PSYoungGen      total 156672K, used 156666K [0x00000000e0000000, 0x00000000ef280000, 0x0000000100000000)
  eden space 118272K, 100% used [0x00000000e0000000,0x00000000e7380000,0x00000000e7380000)
  from space 38400K, 99% used [0x00000000e7380000,0x00000000e98fe9e0,0x00000000e9900000)
  to   space 50176K, 0% used [0x00000000ec180000,0x00000000ec180000,0x00000000ef280000)
 ParOldGen       total 112128K, used 31056K [0x00000000a0000000, 0x00000000a6d80000, 0x00000000e0000000)
  object space 112128K, 27% used [0x00000000a0000000,0x00000000a1e54008,0x00000000a6d80000)
 Metaspace       used 59644K, capacity 61005K, committed 61352K, reserved 1103872K
  class space    used 6913K, capacity 7234K, committed 7344K, reserved 1048576K
Event: 5966.272 GC heap after
Heap after GC invocations=22 (full 4):
 PSYoungGen      total 195072K, used 37317K [0x00000000e0000000, 0x00000000ef980000, 0x0000000100000000)
  eden space 144896K, 0% used [0x00000000e0000000,0x00000000e0000000,0x00000000e8d80000)
  from space 50176K, 74% used [0x00000000ec180000,0x00000000ee5f15a8,0x00000000ef280000)
  to   space 53248K, 0% used [0x00000000e8d80000,0x00000000e8d80000,0x00000000ec180000)
 ParOldGen       total 112128K, used 57247K [0x00000000a0000000, 0x00000000a6d80000, 0x00000000e0000000)
  object space 112128K, 51% used [0x00000000a0000000,0x00000000a37e7e68,0x00000000a6d80000)
 Metaspace       used 59644K, capacity 61005K, committed 61352K, reserved 1103872K
  class space    used 6913K, capacity 7234K, committed 7344K, reserved 1048576K
}
Event: 6265.096 GC heap before
{Heap before GC invocations=23 (full 4):
 PSYoungGen      total 195072K, used 182213K [0x00000000e0000000, 0x00000000ef980000, 0x0000000100000000)
  eden space 144896K, 100% used [0x00000000e0000000,0x00000000e8d80000,0x00000000e8d80000)
  from space 50176K, 74% used [0x00000000ec180000,0x00000000ee5f15a8,0x00000000ef280000)
  to   space 53248K, 0% used [0x00000000e8d80000,0x00000000e8d80000,0x00000000ec180000)
 ParOldGen       total 112128K, used 57247K [0x00000000a0000000, 0x00000000a6d80000, 0x00000000e0000000)
  object space 112128K, 51% used [0x00000000a0000000,0x00000000a37e7e68,0x00000000a6d80000)
 Metaspace       used 60074K, capacity 61401K, committed 61608K, reserved 1103872K
  class space    used 6927K, capacity 7236K, committed 7344K, reserved 1048576K
Event: 6265.173 GC heap after
Heap after GC invocations=23 (full 4):
 PSYoungGen      total 198144K, used 43651K [0x00000000e0000000, 0x00000000f1380000, 0x0000000100000000)
  eden space 144896K, 0% used [0x00000000e0000000,0x00000000e0000000,0x00000000e8d80000)
  from space 53248K, 81% used [0x00000000e8d80000,0x00000000eb820cd0,0x00000000ec180000)
  to   space 57856K, 0% used [0x00000000edb00000,0x00000000edb00000,0x00000000f1380000)
 ParOldGen       total 112128K, used 57255K [0x00000000a0000000, 0x00000000a6d80000, 0x00000000e0000000)
  object space 112128K, 51% used [0x00000000a0000000,0x00000000a37e9e68,0x00000000a6d80000)
 Metaspace       used 60074K, capacity 61401K, committed 61608K, reserved 1103872K
  class space    used 6927K, capacity 7236K, committed 7344K, reserved 1048576K
}
Event: 6267.832 GC heap before
{Heap before GC invocations=24 (full 4):
 PSYoungGen      total 198144K, used 188547K [0x00000000e0000000, 0x00000000f1380000, 0x0000000100000000)
  eden space 144896K, 100% used [0x00000000e0000000,0x00000000e8d80000,0x00000000e8d80000)
  from space 53248K, 81% used [0x00000000e8d80000,0x00000000eb820cd0,0x00000000ec180000)
  to   space 57856K, 0% used [0x00000000edb00000,0x00000000edb00000,0x00000000f1380000)
 ParOldGen       total 112128K, used 57255K [0x00000000a0000000, 0x00000000a6d80000, 0x00000000e0000000)
  object space 112128K, 51% used [0x00000000a0000000,0x00000000a37e9e68,0x00000000a6d80000)
 Metaspace       used 60553K, capacity 62007K, committed 62120K, reserved 1103872K
  class space    used 6969K, capacity 7309K, committed 7344K, reserved 1048576K
Event: 6267.996 GC heap after
Heap after GC invocations=24 (full 4):
 PSYoungGen      total 210432K, used 57855K [0x00000000e0000000, 0x00000000f3680000, 0x0000000100000000)
  eden space 152576K, 0% used [0x00000000e0000000,0x00000000e0000000,0x00000000e9500000)
  from space 57856K, 99% used [0x00000000edb00000,0x00000000f137fdd0,0x00000000f1380000)
  to   space 71680K, 0% used [0x00000000e9500000,0x00000000e9500000,0x00000000edb00000)
 ParOldGen       total 112128K, used 71168K [0x00000000a0000000, 0x00000000a6d80000, 0x00000000e0000000)
  object space 112128K, 63% used [0x00000000a0000000,0x00000000a4580008,0x00000000a6d80000)
 Metaspace       used 60553K, capacity 62007K, committed 62120K, reserved 1103872K
  class space    used 6969K, capacity 7309K, committed 7344K, reserved 1048576K
}
Event: 6494.736 GC heap before
{Heap before GC invocations=25 (full 4):
 PSYoungGen      total 210432K, used 210431K [0x00000000e0000000, 0x00000000f3680000, 0x0000000100000000)
  eden space 152576K, 100% used [0x00000000e0000000,0x00000000e9500000,0x00000000e9500000)
  from space 57856K, 99% used [0x00000000edb00000,0x00000000f137fdd0,0x00000000f1380000)
  to   space 71680K, 0% used [0x00000000e9500000,0x00000000e9500000,0x00000000edb00000)
 ParOldGen       total 112128K, used 71168K [0x00000000a0000000, 0x00000000a6d80000, 0x00000000e0000000)
  object space 112128K, 63% used [0x00000000a0000000,0x00000000a4580008,0x00000000a6d80000)
 Metaspace       used 61089K, capacity 62665K, committed 63016K, reserved 1105920K
  class space    used 6995K, capacity 7352K, committed 7472K, reserved 1048576K
Event: 6494.840 GC heap after
Heap after GC invocations=25 (full 4):
 PSYoungGen      total 224256K, used 54051K [0x00000000e0000000, 0x00000000f4500000, 0x0000000100000000)
  eden space 152576K, 0% used [0x00000000e0000000,0x00000000e0000000,0x00000000e9500000)
  from space 71680K, 75% used [0x00000000e9500000,0x00000000ec9c8fe0,0x00000000edb00000)
  to   space 76800K, 0% used [0x00000000efa00000,0x00000000efa00000,0x00000000f4500000)
 ParOldGen       total 112128K, used 82905K [0x00000000a0000000, 0x00000000a6d80000, 0x00000000e0000000)
  object space 112128K, 73% used [0x00000000a0000000,0x00000000a50f67b8,0x00000000a6d80000)
 Metaspace       used 61089K, capacity 62665K, committed 63016K, reserved 1105920K
  class space    used 6995K, capacity 7352K, committed 7472K, reserved 1048576K
}
Event: 6497.130 GC heap before
{Heap before GC invocations=26 (full 4):
 PSYoungGen      total 224256K, used 206627K [0x00000000e0000000, 0x00000000f4500000, 0x0000000100000000)
  eden space 152576K, 100% used [0x00000000e0000000,0x00000000e9500000,0x00000000e9500000)
  from space 71680K, 75% used [0x00000000e9500000,0x00000000ec9c8fe0,0x00000000edb00000)
  to   space 76800K, 0% used [0x00000000efa00000,0x00000000efa00000,0x00000000f4500000)
 ParOldGen       total 112128K, used 82905K [0x00000000a0000000, 0x00000000a6d80000, 0x00000000e0000000)
  object space 112128K, 73% used [0x00000000a0000000,0x00000000a50f67b8,0x00000000a6d80000)
 Metaspace       used 61479K, capacity 63029K, committed 63272K, reserved 1105920K
  class space    used 7026K, capacity 7386K, committed 7472K, reserved 1048576K
Event: 6497.228 GC heap after
Heap after GC invocations=26 (full 4):
 PSYoungGen      total 242176K, used 76775K [0x00000000e0000000, 0x00000000f6400000, 0x0000000100000000)
  eden space 165376K, 0% used [0x00000000e0000000,0x00000000e0000000,0x00000000ea180000)
  from space 76800K, 99% used [0x00000000efa00000,0x00000000f44f9c28,0x00000000f4500000)
  to   space 90624K, 0% used [0x00000000ea180000,0x00000000ea180000,0x00000000efa00000)
 ParOldGen       total 112128K, used 87403K [0x00000000a0000000, 0x00000000a6d80000, 0x00000000e0000000)
  object space 112128K, 77% used [0x00000000a0000000,0x00000000a555ac18,0x00000000a6d80000)
 Metaspace       used 61479K, capacity 63029K, committed 63272K, reserved 1105920K
  class space    used 7026K, capacity 7386K, committed 7472K, reserved 1048576K
}

