# JRE version: OpenJDK Runtime Environment (8.0_152-b02) (build 1.8.0_152-release-1024-b02)
# Java VM: OpenJDK 64-Bit Server VM (25.152-b02 mixed mode windows-amd64 compressed oops)
Heap:
 PSYoungGen      total 219136K, used 80826K [0x00000000e0000000, 0x00000000f3a00000, 0x0000000100000000)
  eden space 162304K, 43% used [0x00000000e0000000,0x00000000e4551978,0x00000000e9e80000)
  from space 56832K, 17% used [0x00000000e9e80000,0x00000000ea81ceb0,0x00000000ed600000)
  to   space 55296K, 0% used [0x00000000f0400000,0x00000000f0400000,0x00000000f3a00000)
 ParOldGen       total 166912K, used 52362K [0x00000000a0000000, 0x00000000aa300000, 0x00000000e0000000)
  object space 166912K, 31% used [0x00000000a0000000,0x00000000a3322bf0,0x00000000aa300000)
 Metaspace       used 61557K, capacity 62883K, committed 63000K, reserved 1105920K
  class space    used 7086K, capacity 7389K, committed 7464K, reserved 1048576K
GC Heap History (10 events):
Event: 597.772 GC heap before
{Heap before GC invocations=17 (full 3):
 PSYoungGen      total 143872K, used 65717K [0x00000000e0000000, 0x00000000ee980000, 0x0000000100000000)
  eden space 96256K, 18% used [0x00000000e0000000,0x00000000e11aedc0,0x00000000e5e00000)
  from space 47616K, 99% used [0x00000000e5e00000,0x00000000e8c7e678,0x00000000e8c80000)
  to   space 58368K, 0% used [0x00000000eb080000,0x00000000eb080000,0x00000000ee980000)
 ParOldGen       total 128000K, used 71128K [0x00000000a0000000, 0x00000000a7d00000, 0x00000000e0000000)
  object space 128000K, 55% used [0x00000000a0000000,0x00000000a4576248,0x00000000a7d00000)
 Metaspace       used 57748K, capacity 58843K, committed 59160K, reserved 1101824K
  class space    used 6857K, capacity 7113K, committed 7208K, reserved 1048576K
Event: 597.849 GC heap after
Heap after GC invocations=17 (full 3):
 PSYoungGen      total 179200K, used 36987K [0x00000000e0000000, 0x00000000ef400000, 0x0000000100000000)
  eden space 120832K, 0% used [0x00000000e0000000,0x00000000e0000000,0x00000000e7600000)
  from space 58368K, 63% used [0x00000000eb080000,0x00000000ed49ed90,0x00000000ee980000)
  to   space 59904K, 0% used [0x00000000e7600000,0x00000000e7600000,0x00000000eb080000)
 ParOldGen       total 128000K, used 83049K [0x00000000a0000000, 0x00000000a7d00000, 0x00000000e0000000)
  object space 128000K, 64% used [0x00000000a0000000,0x00000000a511a5c0,0x00000000a7d00000)
 Metaspace       used 57748K, capacity 58843K, committed 59160K, reserved 1101824K
  class space    used 6857K, capacity 7113K, committed 7208K, reserved 1048576K
}
Event: 597.849 GC heap before
{Heap before GC invocations=18 (full 4):
 PSYoungGen      total 179200K, used 36987K [0x00000000e0000000, 0x00000000ef400000, 0x0000000100000000)
  eden space 120832K, 0% used [0x00000000e0000000,0x00000000e0000000,0x00000000e7600000)
  from space 58368K, 63% used [0x00000000eb080000,0x00000000ed49ed90,0x00000000ee980000)
  to   space 59904K, 0% used [0x00000000e7600000,0x00000000e7600000,0x00000000eb080000)
 ParOldGen       total 128000K, used 83049K [0x00000000a0000000, 0x00000000a7d00000, 0x00000000e0000000)
  object space 128000K, 64% used [0x00000000a0000000,0x00000000a511a5c0,0x00000000a7d00000)
 Metaspace       used 57748K, capacity 58843K, committed 59160K, reserved 1101824K
  class space    used 6857K, capacity 7113K, committed 7208K, reserved 1048576K
Event: 598.140 GC heap after
Heap after GC invocations=18 (full 4):
 PSYoungGen      total 179200K, used 0K [0x00000000e0000000, 0x00000000ef400000, 0x0000000100000000)
  eden space 120832K, 0% used [0x00000000e0000000,0x00000000e0000000,0x00000000e7600000)
  from space 58368K, 0% used [0x00000000eb080000,0x00000000eb080000,0x00000000ee980000)
  to   space 59904K, 0% used [0x00000000e7600000,0x00000000e7600000,0x00000000eb080000)
 ParOldGen       total 166912K, used 43186K [0x00000000a0000000, 0x00000000aa300000, 0x00000000e0000000)
  object space 166912K, 25% used [0x00000000a0000000,0x00000000a2a2cb68,0x00000000aa300000)
 Metaspace       used 57748K, capacity 58843K, committed 59160K, reserved 1101824K
  class space    used 6857K, capacity 7113K, committed 7208K, reserved 1048576K
}
Event: 602.467 GC heap before
{Heap before GC invocations=19 (full 4):
 PSYoungGen      total 179200K, used 120832K [0x00000000e0000000, 0x00000000ef400000, 0x0000000100000000)
  eden space 120832K, 100% used [0x00000000e0000000,0x00000000e7600000,0x00000000e7600000)
  from space 58368K, 0% used [0x00000000eb080000,0x00000000eb080000,0x00000000ee980000)
  to   space 59904K, 0% used [0x00000000e7600000,0x00000000e7600000,0x00000000eb080000)
 ParOldGen       total 166912K, used 43186K [0x00000000a0000000, 0x00000000aa300000, 0x00000000e0000000)
  object space 166912K, 25% used [0x00000000a0000000,0x00000000a2a2cb68,0x00000000aa300000)
 Metaspace       used 58625K, capacity 59819K, committed 60184K, reserved 1101824K
  class space    used 6906K, capacity 7167K, committed 7208K, reserved 1048576K
Event: 602.490 GC heap after
Heap after GC invocations=19 (full 4):
 PSYoungGen      total 180736K, used 11343K [0x00000000e0000000, 0x00000000f1500000, 0x0000000100000000)
  eden space 120832K, 0% used [0x00000000e0000000,0x00000000e0000000,0x00000000e7600000)
  from space 59904K, 18% used [0x00000000e7600000,0x00000000e8113e30,0x00000000eb080000)
  to   space 58880K, 0% used [0x00000000edb80000,0x00000000edb80000,0x00000000f1500000)
 ParOldGen       total 166912K, used 43194K [0x00000000a0000000, 0x00000000aa300000, 0x00000000e0000000)
  object space 166912K, 25% used [0x00000000a0000000,0x00000000a2a2eb68,0x00000000aa300000)
 Metaspace       used 58625K, capacity 59819K, committed 60184K, reserved 1101824K
  class space    used 6906K, capacity 7167K, committed 7208K, reserved 1048576K
}
Event: 609.121 GC heap before
{Heap before GC invocations=20 (full 4):
 PSYoungGen      total 180736K, used 132175K [0x00000000e0000000, 0x00000000f1500000, 0x0000000100000000)
  eden space 120832K, 100% used [0x00000000e0000000,0x00000000e7600000,0x00000000e7600000)
  from space 59904K, 18% used [0x00000000e7600000,0x00000000e8113e30,0x00000000eb080000)
  to   space 58880K, 0% used [0x00000000edb80000,0x00000000edb80000,0x00000000f1500000)
 ParOldGen       total 166912K, used 43194K [0x00000000a0000000, 0x00000000aa300000, 0x00000000e0000000)
  object space 166912K, 25% used [0x00000000a0000000,0x00000000a2a2eb68,0x00000000aa300000)
 Metaspace       used 60532K, capacity 61797K, committed 62104K, reserved 1103872K
  class space    used 7021K, capacity 7308K, committed 7336K, reserved 1048576K
Event: 609.162 GC heap after
Heap after GC invocations=20 (full 4):
 PSYoungGen      total 213504K, used 15460K [0x00000000e0000000, 0x00000000f0d80000, 0x0000000100000000)
  eden space 162304K, 0% used [0x00000000e0000000,0x00000000e0000000,0x00000000e9e80000)
  from space 51200K, 30% used [0x00000000edb80000,0x00000000eea992d8,0x00000000f0d80000)
  to   space 56832K, 0% used [0x00000000e9e80000,0x00000000e9e80000,0x00000000ed600000)
 ParOldGen       total 166912K, used 43202K [0x00000000a0000000, 0x00000000aa300000, 0x00000000e0000000)
  object space 166912K, 25% used [0x00000000a0000000,0x00000000a2a30b68,0x00000000aa300000)
 Metaspace       used 60532K, capacity 61797K, committed 62104K, reserved 1103872K
  class space    used 7021K, capacity 7308K, committed 7336K, reserved 1048576K
}
Event: 2083.715 GC heap before
{Heap before GC invocations=21 (full 4):
 PSYoungGen      total 213504K, used 177764K [0x00000000e0000000, 0x00000000f0d80000, 0x0000000100000000)
  eden space 162304K, 100% used [0x00000000e0000000,0x00000000e9e80000,0x00000000e9e80000)
  from space 51200K, 30% used [0x00000000edb80000,0x00000000eea992d8,0x00000000f0d80000)
  to   space 56832K, 0% used [0x00000000e9e80000,0x00000000e9e80000,0x00000000ed600000)
 ParOldGen       total 166912K, used 43202K [0x00000000a0000000, 0x00000000aa300000, 0x00000000e0000000)
  object space 166912K, 25% used [0x00000000a0000000,0x00000000a2a30b68,0x00000000aa300000)
 Metaspace       used 61133K, capacity 62443K, committed 62744K, reserved 1103872K
  class space    used 7050K, capacity 7349K, committed 7464K, reserved 1048576K
Event: 2083.846 GC heap after
Heap after GC invocations=21 (full 4):
 PSYoungGen      total 219136K, used 9843K [0x00000000e0000000, 0x00000000f3a00000, 0x0000000100000000)
  eden space 162304K, 0% used [0x00000000e0000000,0x00000000e0000000,0x00000000e9e80000)
  from space 56832K, 17% used [0x00000000e9e80000,0x00000000ea81ceb0,0x00000000ed600000)
  to   space 55296K, 0% used [0x00000000f0400000,0x00000000f0400000,0x00000000f3a00000)
 ParOldGen       total 166912K, used 52362K [0x00000000a0000000, 0x00000000aa300000, 0x00000000e0000000)
  object space 166912K, 31% used [0x00000000a0000000,0x00000000a3322bf0,0x00000000aa300000)
 Metaspace       used 61133K, capacity 62443K, committed 62744K, reserved 1103872K
  class space    used 7050K, capacity 7349K, committed 7464K, reserved 1048576K
}

