# JRE version: OpenJDK Runtime Environment (8.0_152-b02) (build 1.8.0_152-release-1024-b02)
# Java VM: OpenJDK 64-Bit Server VM (25.152-b02 mixed mode windows-amd64 compressed oops)
Heap:
 PSYoungGen      total 361984K, used 255766K [0x00000000e0000000, 0x00000000fd580000, 0x0000000100000000)
  eden space 339456K, 74% used [0x00000000e0000000,0x00000000ef5ff578,0x00000000f4b80000)
  from space 22528K, 17% used [0x00000000f4b80000,0x00000000f4f464b8,0x00000000f6180000)
  to   space 22016K, 0% used [0x00000000fc000000,0x00000000fc000000,0x00000000fd580000)
 ParOldGen       total 121856K, used 62165K [0x00000000a0000000, 0x00000000a7700000, 0x00000000e0000000)
  object space 121856K, 51% used [0x00000000a0000000,0x00000000a3cb56a0,0x00000000a7700000)
 Metaspace       used 86475K, capacity 90055K, committed 90200K, reserved 1128448K
  class space    used 11149K, capacity 11839K, committed 11904K, reserved 1048576K
GC Heap History (10 events):
Event: 2274.438 GC heap before
{Heap before GC invocations=18 (full 3):
 PSYoungGen      total 236032K, used 235551K [0x00000000e0000000, 0x00000000f0b00000, 0x0000000100000000)
  eden space 220672K, 100% used [0x00000000e0000000,0x00000000ed780000,0x00000000ed780000)
  from space 15360K, 96% used [0x00000000efc00000,0x00000000f0a87fd0,0x00000000f0b00000)
  to   space 18432K, 0% used [0x00000000ee700000,0x00000000ee700000,0x00000000ef900000)
 ParOldGen       total 121856K, used 36110K [0x00000000a0000000, 0x00000000a7700000, 0x00000000e0000000)
  object space 121856K, 29% used [0x00000000a0000000,0x00000000a23438a8,0x00000000a7700000)
 Metaspace       used 77884K, capacity 81006K, committed 81240K, reserved 1120256K
  class space    used 10393K, capacity 11024K, committed 11136K, reserved 1048576K
Event: 2274.484 GC heap after
Heap after GC invocations=18 (full 3):
 PSYoungGen      total 254976K, used 18413K [0x00000000e0000000, 0x00000000f3e00000, 0x0000000100000000)
  eden space 236544K, 0% used [0x00000000e0000000,0x00000000e0000000,0x00000000ee700000)
  from space 18432K, 99% used [0x00000000ee700000,0x00000000ef8fb588,0x00000000ef900000)
  to   space 23552K, 0% used [0x00000000f2700000,0x00000000f2700000,0x00000000f3e00000)
 ParOldGen       total 121856K, used 42742K [0x00000000a0000000, 0x00000000a7700000, 0x00000000e0000000)
  object space 121856K, 35% used [0x00000000a0000000,0x00000000a29bda20,0x00000000a7700000)
 Metaspace       used 77884K, capacity 81006K, committed 81240K, reserved 1120256K
  class space    used 10393K, capacity 11024K, committed 11136K, reserved 1048576K
}
Event: 2314.293 GC heap before
{Heap before GC invocations=19 (full 3):
 PSYoungGen      total 254976K, used 254957K [0x00000000e0000000, 0x00000000f3e00000, 0x0000000100000000)
  eden space 236544K, 100% used [0x00000000e0000000,0x00000000ee700000,0x00000000ee700000)
  from space 18432K, 99% used [0x00000000ee700000,0x00000000ef8fb588,0x00000000ef900000)
  to   space 23552K, 0% used [0x00000000f2700000,0x00000000f2700000,0x00000000f3e00000)
 ParOldGen       total 121856K, used 42742K [0x00000000a0000000, 0x00000000a7700000, 0x00000000e0000000)
  object space 121856K, 35% used [0x00000000a0000000,0x00000000a29bda20,0x00000000a7700000)
 Metaspace       used 84848K, capacity 88281K, committed 88536K, reserved 1126400K
  class space    used 11089K, capacity 11763K, committed 11776K, reserved 1048576K
Event: 2314.337 GC heap after
Heap after GC invocations=19 (full 3):
 PSYoungGen      total 303104K, used 11280K [0x00000000e0000000, 0x00000000f4700000, 0x0000000100000000)
  eden space 279552K, 0% used [0x00000000e0000000,0x00000000e0000000,0x00000000f1100000)
  from space 23552K, 47% used [0x00000000f2700000,0x00000000f3204268,0x00000000f3e00000)
  to   space 22528K, 0% used [0x00000000f1100000,0x00000000f1100000,0x00000000f2700000)
 ParOldGen       total 121856K, used 51229K [0x00000000a0000000, 0x00000000a7700000, 0x00000000e0000000)
  object space 121856K, 42% used [0x00000000a0000000,0x00000000a3207508,0x00000000a7700000)
 Metaspace       used 84848K, capacity 88281K, committed 88536K, reserved 1126400K
  class space    used 11089K, capacity 11763K, committed 11776K, reserved 1048576K
}
Event: 2314.583 GC heap before
{Heap before GC invocations=20 (full 3):
 PSYoungGen      total 303104K, used 290134K [0x00000000e0000000, 0x00000000f4700000, 0x0000000100000000)
  eden space 279552K, 99% used [0x00000000e0000000,0x00000000f1051650,0x00000000f1100000)
  from space 23552K, 47% used [0x00000000f2700000,0x00000000f3204268,0x00000000f3e00000)
  to   space 22528K, 0% used [0x00000000f1100000,0x00000000f1100000,0x00000000f2700000)
 ParOldGen       total 121856K, used 51229K [0x00000000a0000000, 0x00000000a7700000, 0x00000000e0000000)
  object space 121856K, 42% used [0x00000000a0000000,0x00000000a3207508,0x00000000a7700000)
 Metaspace       used 84928K, capacity 88303K, committed 88536K, reserved 1126400K
  class space    used 11095K, capacity 11768K, committed 11776K, reserved 1048576K
Event: 2314.599 GC heap after
Heap after GC invocations=20 (full 3):
 PSYoungGen      total 302080K, used 11602K [0x00000000e0000000, 0x00000000f7680000, 0x0000000100000000)
  eden space 279552K, 0% used [0x00000000e0000000,0x00000000e0000000,0x00000000f1100000)
  from space 22528K, 51% used [0x00000000f1100000,0x00000000f1c54b88,0x00000000f2700000)
  to   space 21504K, 0% used [0x00000000f6180000,0x00000000f6180000,0x00000000f7680000)
 ParOldGen       total 121856K, used 51245K [0x00000000a0000000, 0x00000000a7700000, 0x00000000e0000000)
  object space 121856K, 42% used [0x00000000a0000000,0x00000000a320b508,0x00000000a7700000)
 Metaspace       used 84928K, capacity 88303K, committed 88536K, reserved 1126400K
  class space    used 11095K, capacity 11768K, committed 11776K, reserved 1048576K
}
Event: 2314.661 GC heap before
{Heap before GC invocations=21 (full 3):
 PSYoungGen      total 302080K, used 290948K [0x00000000e0000000, 0x00000000f7680000, 0x0000000100000000)
  eden space 279552K, 99% used [0x00000000e0000000,0x00000000f10cc4e0,0x00000000f1100000)
  from space 22528K, 51% used [0x00000000f1100000,0x00000000f1c54b88,0x00000000f2700000)
  to   space 21504K, 0% used [0x00000000f6180000,0x00000000f6180000,0x00000000f7680000)
 ParOldGen       total 121856K, used 51245K [0x00000000a0000000, 0x00000000a7700000, 0x00000000e0000000)
  object space 121856K, 42% used [0x00000000a0000000,0x00000000a320b508,0x00000000a7700000)
 Metaspace       used 84933K, capacity 88303K, committed 88536K, reserved 1126400K
  class space    used 11095K, capacity 11768K, committed 11776K, reserved 1048576K
Event: 2314.676 GC heap after
Heap after GC invocations=21 (full 3):
 PSYoungGen      total 360960K, used 32K [0x00000000e0000000, 0x00000000f9100000, 0x0000000100000000)
  eden space 339456K, 0% used [0x00000000e0000000,0x00000000e0000000,0x00000000f4b80000)
  from space 21504K, 0% used [0x00000000f6180000,0x00000000f6188000,0x00000000f7680000)
  to   space 22528K, 0% used [0x00000000f4b80000,0x00000000f4b80000,0x00000000f6180000)
 ParOldGen       total 121856K, used 62133K [0x00000000a0000000, 0x00000000a7700000, 0x00000000e0000000)
  object space 121856K, 50% used [0x00000000a0000000,0x00000000a3cad6a0,0x00000000a7700000)
 Metaspace       used 84933K, capacity 88303K, committed 88536K, reserved 1126400K
  class space    used 11095K, capacity 11768K, committed 11776K, reserved 1048576K
}
Event: 2318.397 GC heap before
{Heap before GC invocations=22 (full 3):
 PSYoungGen      total 360960K, used 339488K [0x00000000e0000000, 0x00000000f9100000, 0x0000000100000000)
  eden space 339456K, 100% used [0x00000000e0000000,0x00000000f4b80000,0x00000000f4b80000)
  from space 21504K, 0% used [0x00000000f6180000,0x00000000f6188000,0x00000000f7680000)
  to   space 22528K, 0% used [0x00000000f4b80000,0x00000000f4b80000,0x00000000f6180000)
 ParOldGen       total 121856K, used 62133K [0x00000000a0000000, 0x00000000a7700000, 0x00000000e0000000)
  object space 121856K, 50% used [0x00000000a0000000,0x00000000a3cad6a0,0x00000000a7700000)
 Metaspace       used 85298K, capacity 88805K, committed 89176K, reserved 1126400K
  class space    used 11105K, capacity 11778K, committed 11904K, reserved 1048576K
Event: 2318.412 GC heap after
Heap after GC invocations=22 (full 3):
 PSYoungGen      total 361984K, used 3865K [0x00000000e0000000, 0x00000000fd580000, 0x0000000100000000)
  eden space 339456K, 0% used [0x00000000e0000000,0x00000000e0000000,0x00000000f4b80000)
  from space 22528K, 17% used [0x00000000f4b80000,0x00000000f4f464b8,0x00000000f6180000)
  to   space 22016K, 0% used [0x00000000fc000000,0x00000000fc000000,0x00000000fd580000)
 ParOldGen       total 121856K, used 62165K [0x00000000a0000000, 0x00000000a7700000, 0x00000000e0000000)
  object space 121856K, 51% used [0x00000000a0000000,0x00000000a3cb56a0,0x00000000a7700000)
 Metaspace       used 85298K, capacity 88805K, committed 89176K, reserved 1126400K
  class space    used 11105K, capacity 11778K, committed 11904K, reserved 1048576K
}

