# JRE version: OpenJDK Runtime Environment (8.0_152-b02) (build 1.8.0_152-release-1024-b02)
# Java VM: OpenJDK 64-Bit Server VM (25.152-b02 mixed mode windows-amd64 compressed oops)
Heap:
 PSYoungGen      total 143360K, used 29686K [0x00000000e0000000, 0x00000000ecb00000, 0x0000000100000000)
  eden space 101888K, 0% used [0x00000000e0000000,0x00000000e0000000,0x00000000e6380000)
  from space 41472K, 71% used [0x00000000e8e00000,0x00000000eaafd968,0x00000000eb680000)
  to   space 43520K, 0% used [0x00000000e6380000,0x00000000e6380000,0x00000000e8e00000)
 ParOldGen       total 125440K, used 57067K [0x00000000a0000000, 0x00000000a7a80000, 0x00000000e0000000)
  object space 125440K, 45% used [0x00000000a0000000,0x00000000a37bac18,0x00000000a7a80000)
 Metaspace       used 57894K, capacity 58965K, committed 59160K, reserved 1101824K
  class space    used 6823K, capacity 7048K, committed 7088K, reserved 1048576K
GC Heap History (10 events):
Event: 19.260 GC heap after
Heap after GC invocations=15 (full 3):
 PSYoungGen      total 94208K, used 24054K [0x00000000e0000000, 0x00000000e7e00000, 0x0000000100000000)
  eden space 70144K, 0% used [0x00000000e0000000,0x00000000e0000000,0x00000000e4480000)
  from space 24064K, 99% used [0x00000000e5f80000,0x00000000e76fd8c8,0x00000000e7700000)
  to   space 27648K, 0% used [0x00000000e4480000,0x00000000e4480000,0x00000000e5f80000)
 ParOldGen       total 125440K, used 38505K [0x00000000a0000000, 0x00000000a7a80000, 0x00000000e0000000)
  object space 125440K, 30% used [0x00000000a0000000,0x00000000a259a5b8,0x00000000a7a80000)
 Metaspace       used 49688K, capacity 50649K, committed 50856K, reserved 1093632K
  class space    used 6085K, capacity 6310K, committed 6320K, reserved 1048576K
}
Event: 21.628 GC heap before
{Heap before GC invocations=16 (full 3):
 PSYoungGen      total 94208K, used 94198K [0x00000000e0000000, 0x00000000e7e00000, 0x0000000100000000)
  eden space 70144K, 100% used [0x00000000e0000000,0x00000000e4480000,0x00000000e4480000)
  from space 24064K, 99% used [0x00000000e5f80000,0x00000000e76fd8c8,0x00000000e7700000)
  to   space 27648K, 0% used [0x00000000e4480000,0x00000000e4480000,0x00000000e5f80000)
 ParOldGen       total 125440K, used 38505K [0x00000000a0000000, 0x00000000a7a80000, 0x00000000e0000000)
  object space 125440K, 30% used [0x00000000a0000000,0x00000000a259a5b8,0x00000000a7a80000)
 Metaspace       used 52145K, capacity 53101K, committed 53416K, reserved 1095680K
  class space    used 6270K, capacity 6478K, committed 6576K, reserved 1048576K
Event: 21.703 GC heap after
Heap after GC invocations=16 (full 3):
 PSYoungGen      total 97792K, used 27640K [0x00000000e0000000, 0x00000000e9680000, 0x0000000100000000)
  eden space 70144K, 0% used [0x00000000e0000000,0x00000000e0000000,0x00000000e4480000)
  from space 27648K, 99% used [0x00000000e4480000,0x00000000e5f7e058,0x00000000e5f80000)
  to   space 33792K, 0% used [0x00000000e7580000,0x00000000e7580000,0x00000000e9680000)
 ParOldGen       total 125440K, used 45414K [0x00000000a0000000, 0x00000000a7a80000, 0x00000000e0000000)
  object space 125440K, 36% used [0x00000000a0000000,0x00000000a2c59918,0x00000000a7a80000)
 Metaspace       used 52145K, capacity 53101K, committed 53416K, reserved 1095680K
  class space    used 6270K, capacity 6478K, committed 6576K, reserved 1048576K
}
Event: 23.635 GC heap before
{Heap before GC invocations=17 (full 3):
 PSYoungGen      total 97792K, used 97784K [0x00000000e0000000, 0x00000000e9680000, 0x0000000100000000)
  eden space 70144K, 100% used [0x00000000e0000000,0x00000000e4480000,0x00000000e4480000)
  from space 27648K, 99% used [0x00000000e4480000,0x00000000e5f7e058,0x00000000e5f80000)
  to   space 33792K, 0% used [0x00000000e7580000,0x00000000e7580000,0x00000000e9680000)
 ParOldGen       total 125440K, used 45414K [0x00000000a0000000, 0x00000000a7a80000, 0x00000000e0000000)
  object space 125440K, 36% used [0x00000000a0000000,0x00000000a2c59918,0x00000000a7a80000)
 Metaspace       used 54309K, capacity 55271K, committed 55720K, reserved 1097728K
  class space    used 6521K, capacity 6733K, committed 6832K, reserved 1048576K
Event: 23.719 GC heap after
Heap after GC invocations=17 (full 3):
 PSYoungGen      total 116224K, used 30171K [0x00000000e0000000, 0x00000000ea100000, 0x0000000100000000)
  eden space 82432K, 0% used [0x00000000e0000000,0x00000000e0000000,0x00000000e5080000)
  from space 33792K, 89% used [0x00000000e7580000,0x00000000e92f6c58,0x00000000e9680000)
  to   space 37888K, 0% used [0x00000000e5080000,0x00000000e5080000,0x00000000e7580000)
 ParOldGen       total 125440K, used 57051K [0x00000000a0000000, 0x00000000a7a80000, 0x00000000e0000000)
  object space 125440K, 45% used [0x00000000a0000000,0x00000000a37b6c18,0x00000000a7a80000)
 Metaspace       used 54309K, capacity 55271K, committed 55720K, reserved 1097728K
  class space    used 6521K, capacity 6733K, committed 6832K, reserved 1048576K
}
Event: 26.404 GC heap before
{Heap before GC invocations=18 (full 3):
 PSYoungGen      total 116224K, used 112603K [0x00000000e0000000, 0x00000000ea100000, 0x0000000100000000)
  eden space 82432K, 100% used [0x00000000e0000000,0x00000000e5080000,0x00000000e5080000)
  from space 33792K, 89% used [0x00000000e7580000,0x00000000e92f6c58,0x00000000e9680000)
  to   space 37888K, 0% used [0x00000000e5080000,0x00000000e5080000,0x00000000e7580000)
 ParOldGen       total 125440K, used 57051K [0x00000000a0000000, 0x00000000a7a80000, 0x00000000e0000000)
  object space 125440K, 45% used [0x00000000a0000000,0x00000000a37b6c18,0x00000000a7a80000)
 Metaspace       used 57884K, capacity 58965K, committed 59160K, reserved 1101824K
  class space    used 6821K, capacity 7048K, committed 7088K, reserved 1048576K
Event: 26.461 GC heap after
Heap after GC invocations=18 (full 3):
 PSYoungGen      total 120320K, used 32303K [0x00000000e0000000, 0x00000000eb680000, 0x0000000100000000)
  eden space 82432K, 0% used [0x00000000e0000000,0x00000000e0000000,0x00000000e5080000)
  from space 37888K, 85% used [0x00000000e5080000,0x00000000e700be70,0x00000000e7580000)
  to   space 41472K, 0% used [0x00000000e8e00000,0x00000000e8e00000,0x00000000eb680000)
 ParOldGen       total 125440K, used 57059K [0x00000000a0000000, 0x00000000a7a80000, 0x00000000e0000000)
  object space 125440K, 45% used [0x00000000a0000000,0x00000000a37b8c18,0x00000000a7a80000)
 Metaspace       used 57884K, capacity 58965K, committed 59160K, reserved 1101824K
  class space    used 6821K, capacity 7048K, committed 7088K, reserved 1048576K
}
Event: 26.550 GC heap before
{Heap before GC invocations=19 (full 3):
 PSYoungGen      total 120320K, used 45404K [0x00000000e0000000, 0x00000000eb680000, 0x0000000100000000)
  eden space 82432K, 15% used [0x00000000e0000000,0x00000000e0ccb410,0x00000000e5080000)
  from space 37888K, 85% used [0x00000000e5080000,0x00000000e700be70,0x00000000e7580000)
  to   space 41472K, 0% used [0x00000000e8e00000,0x00000000e8e00000,0x00000000eb680000)
 ParOldGen       total 125440K, used 57059K [0x00000000a0000000, 0x00000000a7a80000, 0x00000000e0000000)
  object space 125440K, 45% used [0x00000000a0000000,0x00000000a37b8c18,0x00000000a7a80000)
 Metaspace       used 57894K, capacity 58965K, committed 59160K, reserved 1101824K
  class space    used 6823K, capacity 7048K, committed 7088K, reserved 1048576K
Event: 26.600 GC heap after
Heap after GC invocations=19 (full 3):
 PSYoungGen      total 143360K, used 29686K [0x00000000e0000000, 0x00000000ecb00000, 0x0000000100000000)
  eden space 101888K, 0% used [0x00000000e0000000,0x00000000e0000000,0x00000000e6380000)
  from space 41472K, 71% used [0x00000000e8e00000,0x00000000eaafd968,0x00000000eb680000)
  to   space 43520K, 0% used [0x00000000e6380000,0x00000000e6380000,0x00000000e8e00000)
 ParOldGen       total 125440K, used 57067K [0x00000000a0000000, 0x00000000a7a80000, 0x00000000e0000000)
  object space 125440K, 45% used [0x00000000a0000000,0x00000000a37bac18,0x00000000a7a80000)
 Metaspace       used 57894K, capacity 58965K, committed 59160K, reserved 1101824K
  class space    used 6823K, capacity 7048K, committed 7088K, reserved 1048576K
}
Event: 26.600 GC heap before
{Heap before GC invocations=20 (full 4):
 PSYoungGen      total 143360K, used 29686K [0x00000000e0000000, 0x00000000ecb00000, 0x0000000100000000)
  eden space 101888K, 0% used [0x00000000e0000000,0x00000000e0000000,0x00000000e6380000)
  from space 41472K, 71% used [0x00000000e8e00000,0x00000000eaafd968,0x00000000eb680000)
  to   space 43520K, 0% used [0x00000000e6380000,0x00000000e6380000,0x00000000e8e00000)
 ParOldGen       total 125440K, used 57067K [0x00000000a0000000, 0x00000000a7a80000, 0x00000000e0000000)
  object space 125440K, 45% used [0x00000000a0000000,0x00000000a37bac18,0x00000000a7a80000)
 Metaspace       used 57894K, capacity 58965K, committed 59160K, reserved 1101824K
  class space    used 6823K, capacity 7048K, committed 7088K, reserved 1048576K

