# JRE version: OpenJDK Runtime Environment (8.0_152-b02) (build 1.8.0_152-release-1024-b02)
# Java VM: OpenJDK 64-Bit Server VM (25.152-b02 mixed mode windows-amd64 compressed oops)
Heap:
 PSYoungGen      total 483328K, used 22316K [0x00000000e0000000, 0x00000000ffd80000, 0x0000000100000000)
  eden space 475648K, 3% used [0x00000000e0000000,0x00000000e0e5bc60,0x00000000fd080000)
  from space 7680K, 99% used [0x00000000fd080000,0x00000000fd7ef3e0,0x00000000fd800000)
  to   space 23040K, 0% used [0x00000000fe700000,0x00000000fe700000,0x00000000ffd80000)
 ParOldGen       total 131072K, used 47099K [0x00000000a0000000, 0x00000000a8000000, 0x00000000e0000000)
  object space 131072K, 35% used [0x00000000a0000000,0x00000000a2dfef40,0x00000000a8000000)
 Metaspace       used 90879K, capacity 94796K, committed 95192K, reserved 1132544K
  class space    used 11429K, capacity 12141K, committed 12288K, reserved 1048576K
GC Heap History (10 events):
Event: 7230.965 GC heap before
{Heap before GC invocations=38 (full 4):
 PSYoungGen      total 495616K, used 57650K [0x00000000e0000000, 0x00000000ffd00000, 0x0000000100000000)
  eden space 471040K, 12% used [0x00000000e0000000,0x00000000e382cad0,0x00000000fcc00000)
  from space 24576K, 0% used [0x00000000fcc00000,0x00000000fcc20000,0x00000000fe400000)
  to   space 24064K, 0% used [0x00000000fe580000,0x00000000fe580000,0x00000000ffd00000)
 ParOldGen       total 131072K, used 60415K [0x00000000a0000000, 0x00000000a8000000, 0x00000000e0000000)
  object space 131072K, 46% used [0x00000000a0000000,0x00000000a3affc28,0x00000000a8000000)
 Metaspace       used 89859K, capacity 93340K, committed 93912K, reserved 1130496K
  class space    used 11382K, capacity 12065K, committed 12288K, reserved 1048576K
Event: 7230.971 GC heap after
Heap after GC invocations=38 (full 4):
 PSYoungGen      total 496128K, used 525K [0x00000000e0000000, 0x00000000ffc00000, 0x0000000100000000)
  eden space 473088K, 0% used [0x00000000e0000000,0x00000000e0000000,0x00000000fce00000)
  from space 23040K, 2% used [0x00000000fe580000,0x00000000fe603658,0x00000000ffc00000)
  to   space 23552K, 0% used [0x00000000fce00000,0x00000000fce00000,0x00000000fe500000)
 ParOldGen       total 131072K, used 60463K [0x00000000a0000000, 0x00000000a8000000, 0x00000000e0000000)
  object space 131072K, 46% used [0x00000000a0000000,0x00000000a3b0bc28,0x00000000a8000000)
 Metaspace       used 89859K, capacity 93340K, committed 93912K, reserved 1130496K
  class space    used 11382K, capacity 12065K, committed 12288K, reserved 1048576K
}
Event: 7230.971 GC heap before
{Heap before GC invocations=39 (full 5):
 PSYoungGen      total 496128K, used 525K [0x00000000e0000000, 0x00000000ffc00000, 0x0000000100000000)
  eden space 473088K, 0% used [0x00000000e0000000,0x00000000e0000000,0x00000000fce00000)
  from space 23040K, 2% used [0x00000000fe580000,0x00000000fe603658,0x00000000ffc00000)
  to   space 23552K, 0% used [0x00000000fce00000,0x00000000fce00000,0x00000000fe500000)
 ParOldGen       total 131072K, used 60463K [0x00000000a0000000, 0x00000000a8000000, 0x00000000e0000000)
  object space 131072K, 46% used [0x00000000a0000000,0x00000000a3b0bc28,0x00000000a8000000)
 Metaspace       used 89859K, capacity 93340K, committed 93912K, reserved 1130496K
  class space    used 11382K, capacity 12065K, committed 12288K, reserved 1048576K
Event: 7232.390 GC heap after
Heap after GC invocations=39 (full 5):
 PSYoungGen      total 496128K, used 0K [0x00000000e0000000, 0x00000000ffc00000, 0x0000000100000000)
  eden space 473088K, 0% used [0x00000000e0000000,0x00000000e0000000,0x00000000fce00000)
  from space 23040K, 0% used [0x00000000fe580000,0x00000000fe580000,0x00000000ffc00000)
  to   space 23552K, 0% used [0x00000000fce00000,0x00000000fce00000,0x00000000fe500000)
 ParOldGen       total 131072K, used 34934K [0x00000000a0000000, 0x00000000a8000000, 0x00000000e0000000)
  object space 131072K, 26% used [0x00000000a0000000,0x00000000a221d8e8,0x00000000a8000000)
 Metaspace       used 89706K, capacity 93076K, committed 93912K, reserved 1130496K
  class space    used 11358K, capacity 12021K, committed 12288K, reserved 1048576K
}
Event: 7307.470 GC heap before
{Heap before GC invocations=40 (full 5):
 PSYoungGen      total 496128K, used 472290K [0x00000000e0000000, 0x00000000ffc00000, 0x0000000100000000)
  eden space 473088K, 99% used [0x00000000e0000000,0x00000000fcd38b30,0x00000000fce00000)
  from space 23040K, 0% used [0x00000000fe580000,0x00000000fe580000,0x00000000ffc00000)
  to   space 23552K, 0% used [0x00000000fce00000,0x00000000fce00000,0x00000000fe500000)
 ParOldGen       total 131072K, used 34934K [0x00000000a0000000, 0x00000000a8000000, 0x00000000e0000000)
  object space 131072K, 26% used [0x00000000a0000000,0x00000000a221d8e8,0x00000000a8000000)
 Metaspace       used 90210K, capacity 93696K, committed 94424K, reserved 1132544K
  class space    used 11380K, capacity 12059K, committed 12288K, reserved 1048576K
Event: 7307.641 GC heap after
Heap after GC invocations=40 (full 5):
 PSYoungGen      total 496640K, used 13947K [0x00000000e0000000, 0x0000000100000000, 0x0000000100000000)
  eden space 473088K, 0% used [0x00000000e0000000,0x00000000e0000000,0x00000000fce00000)
  from space 23552K, 59% used [0x00000000fce00000,0x00000000fdb9ed48,0x00000000fe500000)
  to   space 24576K, 0% used [0x00000000fe800000,0x00000000fe800000,0x0000000100000000)
 ParOldGen       total 131072K, used 34942K [0x00000000a0000000, 0x00000000a8000000, 0x00000000e0000000)
  object space 131072K, 26% used [0x00000000a0000000,0x00000000a221f8e8,0x00000000a8000000)
 Metaspace       used 90210K, capacity 93696K, committed 94424K, reserved 1132544K
  class space    used 11380K, capacity 12059K, committed 12288K, reserved 1048576K
}
Event: 7308.444 GC heap before
{Heap before GC invocations=41 (full 5):
 PSYoungGen      total 496640K, used 487006K [0x00000000e0000000, 0x0000000100000000, 0x0000000100000000)
  eden space 473088K, 99% used [0x00000000e0000000,0x00000000fcdf8c70,0x00000000fce00000)
  from space 23552K, 59% used [0x00000000fce00000,0x00000000fdb9ed48,0x00000000fe500000)
  to   space 24576K, 0% used [0x00000000fe800000,0x00000000fe800000,0x0000000100000000)
 ParOldGen       total 131072K, used 34942K [0x00000000a0000000, 0x00000000a8000000, 0x00000000e0000000)
  object space 131072K, 26% used [0x00000000a0000000,0x00000000a221f8e8,0x00000000a8000000)
 Metaspace       used 90210K, capacity 93696K, committed 94424K, reserved 1132544K
  class space    used 11380K, capacity 12059K, committed 12288K, reserved 1048576K
Event: 7308.680 GC heap after
Heap after GC invocations=41 (full 5):
 PSYoungGen      total 500224K, used 96K [0x00000000e0000000, 0x0000000100000000, 0x0000000100000000)
  eden space 475648K, 0% used [0x00000000e0000000,0x00000000e0000000,0x00000000fd080000)
  from space 24576K, 0% used [0x00000000fe800000,0x00000000fe818000,0x0000000100000000)
  to   space 24064K, 0% used [0x00000000fd080000,0x00000000fd080000,0x00000000fe800000)
 ParOldGen       total 131072K, used 47043K [0x00000000a0000000, 0x00000000a8000000, 0x00000000e0000000)
  object space 131072K, 35% used [0x00000000a0000000,0x00000000a2df0f40,0x00000000a8000000)
 Metaspace       used 90210K, capacity 93696K, committed 94424K, reserved 1132544K
  class space    used 11380K, capacity 12059K, committed 12288K, reserved 1048576K
}
Event: 8054.302 GC heap before
{Heap before GC invocations=42 (full 5):
 PSYoungGen      total 500224K, used 475744K [0x00000000e0000000, 0x0000000100000000, 0x0000000100000000)
  eden space 475648K, 100% used [0x00000000e0000000,0x00000000fd080000,0x00000000fd080000)
  from space 24576K, 0% used [0x00000000fe800000,0x00000000fe818000,0x0000000100000000)
  to   space 24064K, 0% used [0x00000000fd080000,0x00000000fd080000,0x00000000fe800000)
 ParOldGen       total 131072K, used 47043K [0x00000000a0000000, 0x00000000a8000000, 0x00000000e0000000)
  object space 131072K, 35% used [0x00000000a0000000,0x00000000a2df0f40,0x00000000a8000000)
 Metaspace       used 90876K, capacity 94796K, committed 95192K, reserved 1132544K
  class space    used 11429K, capacity 12141K, committed 12288K, reserved 1048576K
Event: 8054.338 GC heap after
Heap after GC invocations=42 (full 5):
 PSYoungGen      total 483328K, used 7612K [0x00000000e0000000, 0x00000000ffd80000, 0x0000000100000000)
  eden space 475648K, 0% used [0x00000000e0000000,0x00000000e0000000,0x00000000fd080000)
  from space 7680K, 99% used [0x00000000fd080000,0x00000000fd7ef3e0,0x00000000fd800000)
  to   space 23040K, 0% used [0x00000000fe700000,0x00000000fe700000,0x00000000ffd80000)
 ParOldGen       total 131072K, used 47099K [0x00000000a0000000, 0x00000000a8000000, 0x00000000e0000000)
  object space 131072K, 35% used [0x00000000a0000000,0x00000000a2dfef40,0x00000000a8000000)
 Metaspace       used 90876K, capacity 94796K, committed 95192K, reserved 1132544K
  class space    used 11429K, capacity 12141K, committed 12288K, reserved 1048576K
}

