# JRE version: OpenJDK Runtime Environment (8.0_152-b02) (build 1.8.0_152-release-1024-b02)
# Java VM: OpenJDK 64-Bit Server VM (25.152-b02 mixed mode windows-amd64 compressed oops)
Heap:
 PSYoungGen      total 89088K, used 89059K [0x00000000e0000000, 0x00000000e8f00000, 0x0000000100000000)
  eden space 59392K, 100% used [0x00000000e0000000,0x00000000e3a00000,0x00000000e3a00000)
  from space 29696K, 99% used [0x00000000e3a00000,0x00000000e56f8d88,0x00000000e5700000)
  to   space 36352K, 77% used [0x00000000e6b80000,0x00000000e8726370,0x00000000e8f00000)
 ParOldGen       total 121856K, used 51646K [0x00000000a0000000, 0x00000000a7700000, 0x00000000e0000000)
  object space 121856K, 42% used [0x00000000a0000000,0x00000000a326f898,0x00000000a7700000)
 Metaspace       used 56387K, capacity 57465K, committed 57768K, reserved 1099776K
  class space    used 6771K, capacity 6986K, committed 7088K, reserved 1048576K
GC Heap History (10 events):
Event: 14.316 GC heap after
Heap after GC invocations=12 (full 3):
 PSYoungGen      total 60928K, used 12493K [0x00000000e0000000, 0x00000000e5980000, 0x0000000100000000)
  eden space 46592K, 0% used [0x00000000e0000000,0x00000000e0000000,0x00000000e2d80000)
  from space 14336K, 87% used [0x00000000e2d80000,0x00000000e39b3420,0x00000000e3b80000)
  to   space 15360K, 0% used [0x00000000e4a80000,0x00000000e4a80000,0x00000000e5980000)
 ParOldGen       total 121856K, used 19189K [0x00000000a0000000, 0x00000000a7700000, 0x00000000e0000000)
  object space 121856K, 15% used [0x00000000a0000000,0x00000000a12bd678,0x00000000a7700000)
 Metaspace       used 41413K, capacity 42075K, committed 42536K, reserved 1087488K
  class space    used 5173K, capacity 5341K, committed 5424K, reserved 1048576K
}
Event: 17.538 GC heap before
{Heap before GC invocations=13 (full 3):
 PSYoungGen      total 60928K, used 59085K [0x00000000e0000000, 0x00000000e5980000, 0x0000000100000000)
  eden space 46592K, 100% used [0x00000000e0000000,0x00000000e2d80000,0x00000000e2d80000)
  from space 14336K, 87% used [0x00000000e2d80000,0x00000000e39b3420,0x00000000e3b80000)
  to   space 15360K, 0% used [0x00000000e4a80000,0x00000000e4a80000,0x00000000e5980000)
 ParOldGen       total 121856K, used 19189K [0x00000000a0000000, 0x00000000a7700000, 0x00000000e0000000)
  object space 121856K, 15% used [0x00000000a0000000,0x00000000a12bd678,0x00000000a7700000)
 Metaspace       used 46756K, capacity 47517K, committed 48040K, reserved 1091584K
  class space    used 5982K, capacity 6194K, committed 6320K, reserved 1048576K
Event: 17.589 GC heap after
Heap after GC invocations=13 (full 3):
 PSYoungGen      total 71168K, used 15341K [0x00000000e0000000, 0x00000000e5b80000, 0x0000000100000000)
  eden space 55808K, 0% used [0x00000000e0000000,0x00000000e0000000,0x00000000e3680000)
  from space 15360K, 99% used [0x00000000e4a80000,0x00000000e597b718,0x00000000e5980000)
  to   space 18944K, 0% used [0x00000000e3680000,0x00000000e3680000,0x00000000e4900000)
 ParOldGen       total 121856K, used 24021K [0x00000000a0000000, 0x00000000a7700000, 0x00000000e0000000)
  object space 121856K, 19% used [0x00000000a0000000,0x00000000a17756b8,0x00000000a7700000)
 Metaspace       used 46756K, capacity 47517K, committed 48040K, reserved 1091584K
  class space    used 5982K, capacity 6194K, committed 6320K, reserved 1048576K
}
Event: 20.407 GC heap before
{Heap before GC invocations=14 (full 3):
 PSYoungGen      total 71168K, used 71124K [0x00000000e0000000, 0x00000000e5b80000, 0x0000000100000000)
  eden space 55808K, 99% used [0x00000000e0000000,0x00000000e3679b40,0x00000000e3680000)
  from space 15360K, 99% used [0x00000000e4a80000,0x00000000e597b718,0x00000000e5980000)
  to   space 18944K, 0% used [0x00000000e3680000,0x00000000e3680000,0x00000000e4900000)
 ParOldGen       total 121856K, used 24021K [0x00000000a0000000, 0x00000000a7700000, 0x00000000e0000000)
  object space 121856K, 19% used [0x00000000a0000000,0x00000000a17756b8,0x00000000a7700000)
 Metaspace       used 49796K, capacity 50627K, committed 50984K, reserved 1093632K
  class space    used 6210K, capacity 6405K, committed 6448K, reserved 1048576K
Event: 20.439 GC heap after
Heap after GC invocations=14 (full 3):
 PSYoungGen      total 74752K, used 18919K [0x00000000e0000000, 0x00000000e6d00000, 0x0000000100000000)
  eden space 55808K, 0% used [0x00000000e0000000,0x00000000e0000000,0x00000000e3680000)
  from space 18944K, 99% used [0x00000000e3680000,0x00000000e48f9d20,0x00000000e4900000)
  to   space 22528K, 0% used [0x00000000e5700000,0x00000000e5700000,0x00000000e6d00000)
 ParOldGen       total 121856K, used 27790K [0x00000000a0000000, 0x00000000a7700000, 0x00000000e0000000)
  object space 121856K, 22% used [0x00000000a0000000,0x00000000a1b23bf0,0x00000000a7700000)
 Metaspace       used 49796K, capacity 50627K, committed 50984K, reserved 1093632K
  class space    used 6210K, capacity 6405K, committed 6448K, reserved 1048576K
}
Event: 22.786 GC heap before
{Heap before GC invocations=15 (full 3):
 PSYoungGen      total 74752K, used 74727K [0x00000000e0000000, 0x00000000e6d00000, 0x0000000100000000)
  eden space 55808K, 100% used [0x00000000e0000000,0x00000000e3680000,0x00000000e3680000)
  from space 18944K, 99% used [0x00000000e3680000,0x00000000e48f9d20,0x00000000e4900000)
  to   space 22528K, 0% used [0x00000000e5700000,0x00000000e5700000,0x00000000e6d00000)
 ParOldGen       total 121856K, used 27790K [0x00000000a0000000, 0x00000000a7700000, 0x00000000e0000000)
  object space 121856K, 22% used [0x00000000a0000000,0x00000000a1b23bf0,0x00000000a7700000)
 Metaspace       used 51125K, capacity 51953K, committed 52392K, reserved 1095680K
  class space    used 6264K, capacity 6472K, committed 6576K, reserved 1048576K
Event: 22.851 GC heap after
Heap after GC invocations=15 (full 3):
 PSYoungGen      total 81920K, used 22514K [0x00000000e0000000, 0x00000000e7c80000, 0x0000000100000000)
  eden space 59392K, 0% used [0x00000000e0000000,0x00000000e0000000,0x00000000e3a00000)
  from space 22528K, 99% used [0x00000000e5700000,0x00000000e6cfca98,0x00000000e6d00000)
  to   space 29696K, 0% used [0x00000000e3a00000,0x00000000e3a00000,0x00000000e5700000)
 ParOldGen       total 121856K, used 38926K [0x00000000a0000000, 0x00000000a7700000, 0x00000000e0000000)
  object space 121856K, 31% used [0x00000000a0000000,0x00000000a2603b10,0x00000000a7700000)
 Metaspace       used 51125K, capacity 51953K, committed 52392K, reserved 1095680K
  class space    used 6264K, capacity 6472K, committed 6576K, reserved 1048576K
}
Event: 24.910 GC heap before
{Heap before GC invocations=16 (full 3):
 PSYoungGen      total 81920K, used 81906K [0x00000000e0000000, 0x00000000e7c80000, 0x0000000100000000)
  eden space 59392K, 100% used [0x00000000e0000000,0x00000000e3a00000,0x00000000e3a00000)
  from space 22528K, 99% used [0x00000000e5700000,0x00000000e6cfca98,0x00000000e6d00000)
  to   space 29696K, 0% used [0x00000000e3a00000,0x00000000e3a00000,0x00000000e5700000)
 ParOldGen       total 121856K, used 38926K [0x00000000a0000000, 0x00000000a7700000, 0x00000000e0000000)
  object space 121856K, 31% used [0x00000000a0000000,0x00000000a2603b10,0x00000000a7700000)
 Metaspace       used 55333K, capacity 56315K, committed 56616K, reserved 1099776K
  class space    used 6693K, capacity 6909K, committed 6960K, reserved 1048576K
Event: 24.966 GC heap after
Heap after GC invocations=16 (full 3):
 PSYoungGen      total 89088K, used 29667K [0x00000000e0000000, 0x00000000e8f00000, 0x0000000100000000)
  eden space 59392K, 0% used [0x00000000e0000000,0x00000000e0000000,0x00000000e3a00000)
  from space 29696K, 99% used [0x00000000e3a00000,0x00000000e56f8d88,0x00000000e5700000)
  to   space 36352K, 0% used [0x00000000e6b80000,0x00000000e6b80000,0x00000000e8f00000)
 ParOldGen       total 121856K, used 44494K [0x00000000a0000000, 0x00000000a7700000, 0x00000000e0000000)
  object space 121856K, 36% used [0x00000000a0000000,0x00000000a2b73910,0x00000000a7700000)
 Metaspace       used 55333K, capacity 56315K, committed 56616K, reserved 1099776K
  class space    used 6693K, capacity 6909K, committed 6960K, reserved 1048576K
}
Event: 27.137 GC heap before
{Heap before GC invocations=17 (full 3):
 PSYoungGen      total 89088K, used 89059K [0x00000000e0000000, 0x00000000e8f00000, 0x0000000100000000)
  eden space 59392K, 100% used [0x00000000e0000000,0x00000000e3a00000,0x00000000e3a00000)
  from space 29696K, 99% used [0x00000000e3a00000,0x00000000e56f8d88,0x00000000e5700000)
  to   space 36352K, 0% used [0x00000000e6b80000,0x00000000e6b80000,0x00000000e8f00000)
 ParOldGen       total 121856K, used 44494K [0x00000000a0000000, 0x00000000a7700000, 0x00000000e0000000)
  object space 121856K, 36% used [0x00000000a0000000,0x00000000a2b73910,0x00000000a7700000)
 Metaspace       used 56387K, capacity 57465K, committed 57768K, reserved 1099776K
  class space    used 6771K, capacity 6986K, committed 7088K, reserved 1048576K

